[debug] [2024-05-22T22:53:42.127Z] ----------------------------------------------------------------------
[debug] [2024-05-22T22:53:42.128Z] Command:       C:\Program Files\nodejs\node.exe C:\Users\yaeli barda\AppData\Roaming\npm\node_modules\firebase-tools\lib\bin\firebase.js init
[debug] [2024-05-22T22:53:42.129Z] CLI Version:   13.10.0
[debug] [2024-05-22T22:53:42.129Z] Platform:      win32
[debug] [2024-05-22T22:53:42.129Z] Node Version:  v18.16.0
[debug] [2024-05-22T22:53:42.130Z] Time:          Thu May 23 2024 01:53:42 GMT+0300 (שעון ישראל (קיץ))
[debug] [2024-05-22T22:53:42.130Z] ----------------------------------------------------------------------
[debug] 
[debug] [2024-05-22T22:53:42.135Z] > command requires scopes: ["email","openid","https://www.googleapis.com/auth/cloudplatformprojects.readonly","https://www.googleapis.com/auth/firebase","https://www.googleapis.com/auth/cloud-platform"]
[debug] [2024-05-22T22:53:42.136Z] > authorizing via signed-in user (y.b8061@gmail.com)
[info] 
     ######## #### ########  ######## ########     ###     ######  ########
     ##        ##  ##     ## ##       ##     ##  ##   ##  ##       ##
     ######    ##  ########  ######   ########  #########  ######  ######
     ##        ##  ##    ##  ##       ##     ## ##     ##       ## ##
     ##       #### ##     ## ######## ########  ##     ##  ######  ########

You're about to initialize a Firebase project in this directory:

  C:\Users\yaeli barda\Desktop\Practicom\Employee-App\employee-app\src

[info] 
=== Project Setup
[info] 
[info] First, let's associate this project directory with a Firebase project.
[info] You can create multiple project aliases by running firebase use --add, 
[info] but for now we'll just set up a default project.
[info] 
[debug] [2024-05-22T22:55:12.218Z] >>> [apiv2][query] GET https://firebase.googleapis.com/v1beta1/projects pageSize=100
[debug] [2024-05-22T22:55:13.107Z] <<< [apiv2][status] GET https://firebase.googleapis.com/v1beta1/projects 200
[debug] [2024-05-22T22:55:13.107Z] <<< [apiv2][body] GET https://firebase.googleapis.com/v1beta1/projects [omitted]
[info] i  Using project employee-management-7e85e (employee-management) 
[info] 
=== Hosting Setup
[debug] [2024-05-22T22:55:14.723Z] >>> [apiv2][query] GET https://firebase.googleapis.com/v1beta1/projects/employee-management-7e85e [none]
[debug] [2024-05-22T22:55:15.405Z] <<< [apiv2][status] GET https://firebase.googleapis.com/v1beta1/projects/employee-management-7e85e 200
[debug] [2024-05-22T22:55:15.406Z] <<< [apiv2][body] GET https://firebase.googleapis.com/v1beta1/projects/employee-management-7e85e {"projectId":"employee-management-7e85e","projectNumber":"537060164485","displayName":"employee-management","name":"projects/employee-management-7e85e","resources":{"hostingSite":"employee-management-7e85e"},"state":"ACTIVE","etag":"1_1954a979-b732-4ecc-8619-cb9a8033e8cc"}
[info] 
[info] Your public directory is the folder (relative to your project directory) that
[info] will contain Hosting assets to be uploaded with firebase deploy. If you
[info] have a build process for your assets, use your build's output directory.
[info] 
